#
# There is insufficient memory for the Java Runtime Environment to continue.
# Native memory allocation (malloc) failed to allocate 481296 bytes for Chunk::new
# Possible reasons:
#   The system is out of physical RAM or swap space
#   The process is running with CompressedOops enabled, and the Java Heap may be blocking the growth of the native heap
# Possible solutions:
#   Reduce memory load on the system
#   Increase physical memory or swap space
#   Check if swap backing store is full
#   Decrease Java heap size (-Xmx/-Xms)
#   Decrease number of Java threads
#   Decrease Java thread stack sizes (-Xss)
#   Set larger code cache with -XX:ReservedCodeCacheSize=
#   JVM is running with Zero Based Compressed Oops mode in which the Java heap is
#     placed in the first 32GB address space. The Java Heap base address is the
#     maximum limit for the native heap growth. Please use -XX:HeapBaseMinAddress
#     to set the Java Heap base and to place the Java Heap above 32GB virtual address.
# This output file may be truncated or incomplete.
#
#  Out of Memory Error (arena.cpp:189), pid=20944, tid=7796
#
# JRE version: OpenJDK Runtime Environment Temurin-17.0.6+10 (17.0.6+10) (build 17.0.6+10)
# Java VM: OpenJDK 64-Bit Server VM Temurin-17.0.6+10 (17.0.6+10, mixed mode, tiered, compressed oops, compressed class ptrs, g1 gc, windows-amd64)
# No core dump will be written. Minidumps are not enabled by default on client versions of Windows
#

---------------  S U M M A R Y ------------

Command Line: -XX:+ShowCodeDetailsInExceptionMessages com.twoway.Xinwu.XinwuApplication

Host: Intel(R) Core(TM) i5-10210U CPU @ 1.60GHz, 8 cores, 15G,  Windows 10 , 64 bit Build 19041 (10.0.19041.5794)
Time: Fri Jun 20 10:23:23 2025  Windows 10 , 64 bit Build 19041 (10.0.19041.5794) elapsed time: 1789.276798 seconds (0d 0h 29m 49s)

---------------  T H R E A D  ---------------

Current thread (0x0000026836c6e9b0):  JavaThread "C2 CompilerThread0" daemon [_thread_in_native, id=7796, stack(0x00000084ac300000,0x00000084ac400000)]


Current CompileTask:
C2:1789276 9547       4       java.util.EnumSet::noneOf (63 bytes)

Stack: [0x00000084ac300000,0x00000084ac400000]
Native frames: (J=compiled Java code, j=interpreted, Vv=VM code, C=native code)
V  [jvm.dll+0x67741a]
V  [jvm.dll+0x834434]
V  [jvm.dll+0x835bde]
V  [jvm.dll+0x836243]
V  [jvm.dll+0x2457b5]
V  [jvm.dll+0xabafc]
V  [jvm.dll+0xac0cc]
V  [jvm.dll+0x363492]
V  [jvm.dll+0x1bbb82]
V  [jvm.dll+0x218749]
V  [jvm.dll+0x217a11]
V  [jvm.dll+0x1a3d0d]
V  [jvm.dll+0x22742a]
V  [jvm.dll+0x225565]
V  [jvm.dll+0x7ea2cb]
V  [jvm.dll+0x7e483a]
V  [jvm.dll+0x6762c5]
C  [ucrtbase.dll+0x21bb2]
C  [KERNEL32.DLL+0x17374]
C  [ntdll.dll+0x4cc91]


---------------  P R O C E S S  ---------------

Threads class SMR info:
_java_thread_list=0x0000026841f87aa0, length=32, elements={
0x00000268360db4f0, 0x00000268360de890, 0x0000026836c97010, 0x0000026836c9a8f0,
0x0000026836c6c110, 0x0000026836c6c9d0, 0x0000026836c6e9b0, 0x0000026836c9d860,
0x0000026836c72bc0, 0x0000026836e37260, 0x0000026836e39b50, 0x0000026837ea3460,
0x0000026837ea3930, 0x0000026837ea6480, 0x0000026837ea2f90, 0x0000026837ea6950,
0x0000026837ea42d0, 0x0000026837ea5fb0, 0x000002684218c000, 0x000002684218b190,
0x000002684218b660, 0x000002684218c4d0, 0x000002684218c9a0, 0x000002684218d340,
0x000002684218bb30, 0x000002684218ce70, 0x000002684218d810, 0x0000026842189e50,
0x000002684218a320, 0x000002684218a7f0, 0x000002684218acc0, 0x0000026839d41a10
}

Java Threads: ( => current thread )
  0x00000268360db4f0 JavaThread "Reference Handler" daemon [_thread_blocked, id=17764, stack(0x00000084abd00000,0x00000084abe00000)]
  0x00000268360de890 JavaThread "Finalizer" daemon [_thread_blocked, id=22768, stack(0x00000084abe00000,0x00000084abf00000)]
  0x0000026836c97010 JavaThread "Signal Dispatcher" daemon [_thread_blocked, id=4416, stack(0x00000084abf00000,0x00000084ac000000)]
  0x0000026836c9a8f0 JavaThread "Attach Listener" daemon [_thread_blocked, id=25324, stack(0x00000084ac000000,0x00000084ac100000)]
  0x0000026836c6c110 JavaThread "Service Thread" daemon [_thread_blocked, id=14408, stack(0x00000084ac100000,0x00000084ac200000)]
  0x0000026836c6c9d0 JavaThread "Monitor Deflation Thread" daemon [_thread_blocked, id=19772, stack(0x00000084ac200000,0x00000084ac300000)]
=>0x0000026836c6e9b0 JavaThread "C2 CompilerThread0" daemon [_thread_in_native, id=7796, stack(0x00000084ac300000,0x00000084ac400000)]
  0x0000026836c9d860 JavaThread "C1 CompilerThread0" daemon [_thread_blocked, id=26148, stack(0x00000084ac400000,0x00000084ac500000)]
  0x0000026836c72bc0 JavaThread "Sweeper thread" daemon [_thread_blocked, id=9792, stack(0x00000084ac500000,0x00000084ac600000)]
  0x0000026836e37260 JavaThread "Notification Thread" daemon [_thread_blocked, id=1228, stack(0x00000084ac600000,0x00000084ac700000)]
  0x0000026836e39b50 JavaThread "Common-Cleaner" daemon [_thread_blocked, id=16676, stack(0x00000084ac800000,0x00000084ac900000)]
  0x0000026837ea3460 JavaThread "mysql-cj-abandoned-connection-cleanup" daemon [_thread_blocked, id=27548, stack(0x00000084ad300000,0x00000084ad400000)]
  0x0000026837ea3930 JavaThread "HikariPool-1 housekeeper" daemon [_thread_blocked, id=22112, stack(0x00000084ad000000,0x00000084ad100000)]
  0x0000026837ea6480 JavaThread "Catalina-utility-1" [_thread_blocked, id=20780, stack(0x00000084ad900000,0x00000084ada00000)]
  0x0000026837ea2f90 JavaThread "Catalina-utility-2" [_thread_blocked, id=1064, stack(0x00000084ada00000,0x00000084adb00000)]
  0x0000026837ea6950 JavaThread "container-0" [_thread_blocked, id=6216, stack(0x00000084adb00000,0x00000084adc00000)]
  0x0000026837ea42d0 JavaThread "Live Reload Server" daemon [_thread_in_native, id=9948, stack(0x00000084adc00000,0x00000084add00000)]
  0x0000026837ea5fb0 JavaThread "http-nio-8080-exec-1" daemon [_thread_blocked, id=23320, stack(0x00000084ad800000,0x00000084ad900000)]
  0x000002684218c000 JavaThread "http-nio-8080-exec-2" daemon [_thread_blocked, id=11224, stack(0x00000084add00000,0x00000084ade00000)]
  0x000002684218b190 JavaThread "http-nio-8080-exec-3" daemon [_thread_blocked, id=15364, stack(0x00000084ade00000,0x00000084adf00000)]
  0x000002684218b660 JavaThread "http-nio-8080-exec-4" daemon [_thread_blocked, id=15028, stack(0x00000084adf00000,0x00000084ae000000)]
  0x000002684218c4d0 JavaThread "http-nio-8080-exec-5" daemon [_thread_blocked, id=19180, stack(0x00000084ae000000,0x00000084ae100000)]
  0x000002684218c9a0 JavaThread "http-nio-8080-exec-6" daemon [_thread_blocked, id=17476, stack(0x00000084ae100000,0x00000084ae200000)]
  0x000002684218d340 JavaThread "http-nio-8080-exec-7" daemon [_thread_blocked, id=16896, stack(0x00000084ae200000,0x00000084ae300000)]
  0x000002684218bb30 JavaThread "http-nio-8080-exec-8" daemon [_thread_blocked, id=17556, stack(0x00000084ae300000,0x00000084ae400000)]
  0x000002684218ce70 JavaThread "http-nio-8080-exec-9" daemon [_thread_blocked, id=11836, stack(0x00000084ae400000,0x00000084ae500000)]
  0x000002684218d810 JavaThread "http-nio-8080-exec-10" daemon [_thread_blocked, id=592, stack(0x00000084ae500000,0x00000084ae600000)]
  0x0000026842189e50 JavaThread "http-nio-8080-Poller" daemon [_thread_in_native, id=20588, stack(0x00000084ae600000,0x00000084ae700000)]
  0x000002684218a320 JavaThread "http-nio-8080-Acceptor" daemon [_thread_in_native, id=15152, stack(0x00000084ae700000,0x00000084ae800000)]
  0x000002684218a7f0 JavaThread "DestroyJavaVM" [_thread_blocked, id=10396, stack(0x00000084ab600000,0x00000084ab700000)]
  0x000002684218acc0 JavaThread "HikariPool-1 connection closer" daemon [_thread_blocked, id=18192, stack(0x00000084ab300000,0x00000084ab400000)]
  0x0000026839d41a10 JavaThread "HikariPool-1 connection adder" daemon [_thread_blocked, id=17484, stack(0x00000084ab400000,0x00000084ab500000)]

Other Threads:
  0x00000268360d8d00 VMThread "VM Thread" [stack: 0x00000084abc00000,0x00000084abd00000] [id=12192]
  0x0000026836e34f10 WatcherThread [stack: 0x00000084ac700000,0x00000084ac800000] [id=10436]
  0x0000026818110790 GCTaskThread "GC Thread#0" [stack: 0x00000084ab700000,0x00000084ab800000] [id=22020]
  0x00000268379366b0 GCTaskThread "GC Thread#1" [stack: 0x00000084ac900000,0x00000084aca00000] [id=22092]
  0x0000026837936960 GCTaskThread "GC Thread#2" [stack: 0x00000084aca00000,0x00000084acb00000] [id=12000]
  0x0000026837958cd0 GCTaskThread "GC Thread#3" [stack: 0x00000084acb00000,0x00000084acc00000] [id=27108]
  0x0000026837958f80 GCTaskThread "GC Thread#4" [stack: 0x00000084acc00000,0x00000084acd00000] [id=18624]
  0x00000268379342e0 GCTaskThread "GC Thread#5" [stack: 0x00000084acd00000,0x00000084ace00000] [id=22296]
  0x0000026837934590 GCTaskThread "GC Thread#6" [stack: 0x00000084ad200000,0x00000084ad300000] [id=7596]
  0x0000026837935050 GCTaskThread "GC Thread#7" [stack: 0x00000084ad400000,0x00000084ad500000] [id=4804]
  0x0000026818122200 ConcurrentGCThread "G1 Main Marker" [stack: 0x00000084ab800000,0x00000084ab900000] [id=19096]
  0x0000026818122b20 ConcurrentGCThread "G1 Conc#0" [stack: 0x00000084ab900000,0x00000084aba00000] [id=18580]
  0x0000026837934af0 ConcurrentGCThread "G1 Conc#1" [stack: 0x00000084ad500000,0x00000084ad600000] [id=22836]
  0x000002681814d9e0 ConcurrentGCThread "G1 Refine#0" [stack: 0x00000084aba00000,0x00000084abb00000] [id=19728]
  0x000002681814e310 ConcurrentGCThread "G1 Service" [stack: 0x00000084abb00000,0x00000084abc00000] [id=8840]

Threads with active compile tasks:
C2 CompilerThread0  1789331 9547       4       java.util.EnumSet::noneOf (63 bytes)

VM state: not at safepoint (normal execution)

VM Mutex/Monitor currently owned by a thread: None

Heap address: 0x0000000703e00000, size: 4034 MB, Compressed Oops mode: Zero based, Oop shift amount: 3

CDS archive(s) not mapped
Compressed class space mapped at: 0x0000000800000000-0x0000000840000000, reserved size: 1073741824
Narrow klass base: 0x0000000800000000, Narrow klass shift: 0, Narrow klass range: 0x40000000

GC Precious Log:
 CPUs: 8 total, 8 available
 Memory: 16134M
 Large Page Support: Disabled
 NUMA Support: Disabled
 Compressed Oops: Enabled (Zero based)
 Heap Region Size: 2M
 Heap Min Capacity: 8M
 Heap Initial Capacity: 254M
 Heap Max Capacity: 4034M
 Pre-touch: Disabled
 Parallel Workers: 8
 Concurrent Workers: 2
 Concurrent Refinement Workers: 8
 Periodic GC: Disabled

Heap:
 garbage-first heap   total 96256K, used 56055K [0x0000000703e00000, 0x0000000800000000)
  region size 2048K, 8 young (16384K), 3 survivors (6144K)
 Metaspace       used 86318K, committed 86912K, reserved 1130496K
  class space    used 11430K, committed 11712K, reserved 1048576K

Heap Regions: E=young(eden), S=young(survivor), O=old, HS=humongous(starts), HC=humongous(continues), CS=collection set, F=free, OA=open archive, CA=closed archive, TAMS=top-at-mark-start (previous, next)
|   0|0x0000000703e00000, 0x0000000704000000, 0x0000000704000000|100%| O|  |TAMS 0x0000000704000000, 0x0000000703e00000| Untracked 
|   1|0x0000000704000000, 0x0000000704200000, 0x0000000704200000|100%| O|  |TAMS 0x0000000704200000, 0x0000000704000000| Untracked 
|   2|0x0000000704200000, 0x0000000704400000, 0x0000000704400000|100%| O|  |TAMS 0x0000000704400000, 0x0000000704200000| Untracked 
|   3|0x0000000704400000, 0x0000000704600000, 0x0000000704600000|100%| O|  |TAMS 0x0000000704600000, 0x0000000704400000| Untracked 
|   4|0x0000000704600000, 0x00000007047ac400, 0x0000000704800000| 83%| O|  |TAMS 0x00000007047ac400, 0x0000000704600000| Untracked 
|   5|0x0000000704800000, 0x0000000704a00000, 0x0000000704a00000|100%| O|  |TAMS 0x0000000704a00000, 0x0000000704800000| Untracked 
|   6|0x0000000704a00000, 0x0000000704c00000, 0x0000000704c00000|100%| O|  |TAMS 0x0000000704c00000, 0x0000000704a00000| Untracked 
|   7|0x0000000704c00000, 0x0000000704e00000, 0x0000000704e00000|100%| O|  |TAMS 0x0000000704e00000, 0x0000000704c00000| Untracked 
|   8|0x0000000704e00000, 0x0000000705000000, 0x0000000705000000|100%| O|  |TAMS 0x0000000705000000, 0x0000000704e00000| Untracked 
|   9|0x0000000705000000, 0x0000000705200000, 0x0000000705200000|100%| O|  |TAMS 0x0000000705200000, 0x0000000705000000| Untracked 
|  10|0x0000000705200000, 0x0000000705400000, 0x0000000705400000|100%| O|  |TAMS 0x0000000705400000, 0x0000000705200000| Untracked 
|  11|0x0000000705400000, 0x0000000705600000, 0x0000000705600000|100%| O|  |TAMS 0x0000000705600000, 0x0000000705400000| Untracked 
|  12|0x0000000705600000, 0x0000000705800000, 0x0000000705800000|100%| O|  |TAMS 0x0000000705800000, 0x0000000705600000| Untracked 
|  13|0x0000000705800000, 0x0000000705a00000, 0x0000000705a00000|100%| O|  |TAMS 0x0000000705a00000, 0x0000000705800000| Untracked 
|  14|0x0000000705a00000, 0x0000000705c00000, 0x0000000705c00000|100%| O|  |TAMS 0x0000000705c00000, 0x0000000705a00000| Untracked 
|  15|0x0000000705c00000, 0x0000000705e00000, 0x0000000705e00000|100%| O|  |TAMS 0x0000000705e00000, 0x0000000705c00000| Untracked 
|  16|0x0000000705e00000, 0x0000000706000000, 0x0000000706000000|100%| O|  |TAMS 0x0000000706000000, 0x0000000705e00000| Untracked 
|  17|0x0000000706000000, 0x0000000706200000, 0x0000000706200000|100%| O|  |TAMS 0x00000007060ed400, 0x0000000706000000| Untracked 
|  18|0x0000000706200000, 0x0000000706400000, 0x0000000706400000|100%| O|  |TAMS 0x0000000706200000, 0x0000000706200000| Untracked 
|  19|0x0000000706400000, 0x0000000706600000, 0x0000000706600000|100%| O|  |TAMS 0x0000000706400000, 0x0000000706400000| Untracked 
|  20|0x0000000706600000, 0x0000000706800000, 0x0000000706800000|100%| O|  |TAMS 0x0000000706600000, 0x0000000706600000| Untracked 
|  21|0x0000000706800000, 0x000000070685b200, 0x0000000706a00000| 17%| O|  |TAMS 0x0000000706800000, 0x0000000706800000| Untracked 
|  22|0x0000000706a00000, 0x0000000706a00000, 0x0000000706c00000|  0%| F|  |TAMS 0x0000000706a00000, 0x0000000706a00000| Untracked 
|  23|0x0000000706c00000, 0x0000000706c00000, 0x0000000706e00000|  0%| F|  |TAMS 0x0000000706c00000, 0x0000000706c00000| Untracked 
|  24|0x0000000706e00000, 0x0000000706e00000, 0x0000000707000000|  0%| F|  |TAMS 0x0000000706e00000, 0x0000000706e00000| Untracked 
|  25|0x0000000707000000, 0x0000000707000000, 0x0000000707200000|  0%| F|  |TAMS 0x0000000707000000, 0x0000000707000000| Untracked 
|  26|0x0000000707200000, 0x0000000707200000, 0x0000000707400000|  0%| F|  |TAMS 0x0000000707200000, 0x0000000707200000| Untracked 
|  27|0x0000000707400000, 0x00000007074b69d0, 0x0000000707600000| 35%| S|CS|TAMS 0x0000000707400000, 0x0000000707400000| Complete 
|  28|0x0000000707600000, 0x0000000707800000, 0x0000000707800000|100%| S|CS|TAMS 0x0000000707600000, 0x0000000707600000| Complete 
|  29|0x0000000707800000, 0x0000000707a00000, 0x0000000707a00000|100%| S|CS|TAMS 0x0000000707800000, 0x0000000707800000| Complete 
|  30|0x0000000707a00000, 0x0000000707a00000, 0x0000000707c00000|  0%| F|  |TAMS 0x0000000707a00000, 0x0000000707a00000| Untracked 
|  31|0x0000000707c00000, 0x0000000707c00000, 0x0000000707e00000|  0%| F|  |TAMS 0x0000000707c00000, 0x0000000707c00000| Untracked 
|  32|0x0000000707e00000, 0x0000000707e00000, 0x0000000708000000|  0%| F|  |TAMS 0x0000000707e00000, 0x0000000707e00000| Untracked 
|  33|0x0000000708000000, 0x0000000708000000, 0x0000000708200000|  0%| F|  |TAMS 0x0000000708000000, 0x0000000708000000| Untracked 
|  34|0x0000000708200000, 0x0000000708200000, 0x0000000708400000|  0%| F|  |TAMS 0x0000000708200000, 0x0000000708200000| Untracked 
|  35|0x0000000708400000, 0x0000000708400000, 0x0000000708600000|  0%| F|  |TAMS 0x0000000708400000, 0x0000000708400000| Untracked 
|  36|0x0000000708600000, 0x0000000708600000, 0x0000000708800000|  0%| F|  |TAMS 0x0000000708600000, 0x0000000708600000| Untracked 
|  37|0x0000000708800000, 0x0000000708800000, 0x0000000708a00000|  0%| F|  |TAMS 0x0000000708800000, 0x0000000708800000| Untracked 
|  38|0x0000000708a00000, 0x0000000708a00000, 0x0000000708c00000|  0%| F|  |TAMS 0x0000000708a00000, 0x0000000708a00000| Untracked 
|  39|0x0000000708c00000, 0x0000000708c00000, 0x0000000708e00000|  0%| F|  |TAMS 0x0000000708c00000, 0x0000000708c00000| Untracked 
|  40|0x0000000708e00000, 0x0000000708e00000, 0x0000000709000000|  0%| F|  |TAMS 0x0000000708e00000, 0x0000000708e00000| Untracked 
|  41|0x0000000709000000, 0x0000000709000000, 0x0000000709200000|  0%| F|  |TAMS 0x0000000709000000, 0x0000000709000000| Untracked 
|  42|0x0000000709200000, 0x00000007093f5b08, 0x0000000709400000| 97%| E|  |TAMS 0x0000000709200000, 0x0000000709200000| Complete 
|  43|0x0000000709400000, 0x0000000709600000, 0x0000000709600000|100%| E|CS|TAMS 0x0000000709400000, 0x0000000709400000| Complete 
| 111|0x0000000711c00000, 0x0000000711e00000, 0x0000000711e00000|100%| E|CS|TAMS 0x0000000711c00000, 0x0000000711c00000| Complete 
| 112|0x0000000711e00000, 0x0000000712000000, 0x0000000712000000|100%| E|CS|TAMS 0x0000000711e00000, 0x0000000711e00000| Complete 
| 126|0x0000000713a00000, 0x0000000713c00000, 0x0000000713c00000|100%| E|CS|TAMS 0x0000000713a00000, 0x0000000713a00000| Complete 

Card table byte_map: [0x000002682a840000,0x000002682b030000] _byte_map_base: 0x0000026827021000

Marking Bits (Prev, Next): (CMBitMap*) 0x0000026818111cc0, (CMBitMap*) 0x0000026818111d00
 Prev Bits: [0x000002682b820000, 0x000002682f728000)
 Next Bits: [0x000002682f730000, 0x0000026833638000)

Polling page: 0x0000026815fd0000

Metaspace:

Usage:
  Non-class:     73.13 MB used.
      Class:     11.16 MB used.
       Both:     84.29 MB used.

Virtual space:
  Non-class space:       80.00 MB reserved,      73.44 MB ( 92%) committed,  10 nodes.
      Class space:        1.00 GB reserved,      11.44 MB (  1%) committed,  1 nodes.
             Both:        1.08 GB reserved,      84.88 MB (  8%) committed. 

Chunk freelists:
   Non-Class:  2.17 MB
       Class:  542.00 KB
        Both:  2.70 MB

MaxMetaspaceSize: unlimited
CompressedClassSpaceSize: 1.00 GB
Initial GC threshold: 21.00 MB
Current GC threshold: 127.81 MB
CDS: off
MetaspaceReclaimPolicy: balanced
 - commit_granule_bytes: 65536.
 - commit_granule_words: 8192.
 - virtual_space_node_default_size: 1048576.
 - enlarge_chunks_in_place: 1.
 - new_chunks_are_fully_committed: 0.
 - uncommit_free_chunks: 1.
 - use_allocation_guard: 0.
 - handle_deallocations: 1.


Internal statistics:

num_allocs_failed_limit: 6.
num_arena_births: 914.
num_arena_deaths: 4.
num_vsnodes_births: 11.
num_vsnodes_deaths: 0.
num_space_committed: 1358.
num_space_uncommitted: 0.
num_chunks_returned_to_freelist: 12.
num_chunks_taken_from_freelist: 3922.
num_chunk_merges: 7.
num_chunk_splits: 2723.
num_chunks_enlarged: 2020.
num_purges: 2.
num_inconsistent_stats: 0.

CodeHeap 'non-profiled nmethods': size=120000Kb used=6128Kb max_used=6128Kb free=113871Kb
 bounds [0x00000268227e0000, 0x0000026822e00000, 0x0000026829d10000]
CodeHeap 'profiled nmethods': size=120000Kb used=16116Kb max_used=16116Kb free=103883Kb
 bounds [0x000002681ad10000, 0x000002681bcd0000, 0x0000026822240000]
CodeHeap 'non-nmethods': size=5760Kb used=1374Kb max_used=1475Kb free=4385Kb
 bounds [0x0000026822240000, 0x00000268224b0000, 0x00000268227e0000]
 total_blobs=8835 nmethods=8130 adapters=616
 compilation: enabled
              stopped_count=0, restarted_count=0
 full_count=0

Compilation events (20 events):
Event: 1789.125 Thread 0x0000026836c9d860 9551       3       java.math.BigInteger::montgomerySquare (49 bytes)
Event: 1789.126 Thread 0x0000026836c9d860 nmethod 9551 0x000002681bcc5890 code [0x000002681bcc5a80, 0x000002681bcc5e78]
Event: 1789.126 Thread 0x0000026836c9d860 9552       3       java.math.BigInteger::implMontgomerySquare (19 bytes)
Event: 1789.127 Thread 0x0000026836c9d860 nmethod 9552 0x000002681bcc6010 code [0x000002681bcc61c0, 0x000002681bcc6338]
Event: 1789.127 Thread 0x0000026836c9d860 9553       3       java.math.BigInteger::squareToLen (33 bytes)
Event: 1789.127 Thread 0x0000026836c9d860 nmethod 9553 0x000002681bcc6410 code [0x000002681bcc65c0, 0x000002681bcc6878]
Event: 1789.127 Thread 0x0000026836c9d860 9554 %     3       java.math.BigInteger::implMultiplyToLen @ 135 (216 bytes)
Event: 1789.130 Thread 0x0000026836c9d860 nmethod 9554% 0x000002681bcc6990 code [0x000002681bcc6b80, 0x000002681bcc7258]
Event: 1789.131 Thread 0x0000026836c9d860 9555       3       sun.security.jca.ProviderList$ServiceList$1::next (36 bytes)
Event: 1789.132 Thread 0x0000026836c9d860 nmethod 9555 0x000002681bcc7690 code [0x000002681bcc7840, 0x000002681bcc7ab8]
Event: 1789.134 Thread 0x0000026836c9d860 9556   !   3       com.mysql.cj.util.StringUtils::getBytes (39 bytes)
Event: 1789.136 Thread 0x0000026836c9d860 nmethod 9556 0x000002681bcc7c10 code [0x000002681bcc7ee0, 0x000002681bcc8d58]
Event: 1789.139 Thread 0x0000026836c9d860 9557       3       javax.crypto.Cipher$Transform::supports (32 bytes)
Event: 1789.141 Thread 0x0000026836c9d860 nmethod 9557 0x000002681bcc9410 code [0x000002681bcc9640, 0x000002681bcc9e38]
Event: 1789.173 Thread 0x0000026836c9d860 9559   !   3       sun.security.ssl.SSLTransport::decode (493 bytes)
Event: 1789.178 Thread 0x0000026836c9d860 nmethod 9559 0x000002681bcca090 code [0x000002681bcca440, 0x000002681bccbdd8]
Event: 1789.178 Thread 0x0000026836c9d860 9560   !   3       sun.security.ssl.SSLSocketInputRecord::readFully (75 bytes)
Event: 1789.180 Thread 0x0000026836c9d860 nmethod 9560 0x000002681bccca10 code [0x000002681bcccc40, 0x000002681bccd2e8]
Event: 1789.180 Thread 0x0000026836c9d860 9558   !   3       sun.security.ssl.SSLSocketImpl::decode (94 bytes)
Event: 1789.182 Thread 0x0000026836c9d860 nmethod 9558 0x000002681bccd710 code [0x000002681bccd940, 0x000002681bcce308]

GC Heap History (20 events):
Event: 24.420 GC heap before
{Heap before GC invocations=32 (full 0):
 garbage-first heap   total 65536K, used 49862K [0x0000000703e00000, 0x0000000800000000)
  region size 2048K, 9 young (18432K), 2 survivors (4096K)
 Metaspace       used 75512K, committed 76160K, reserved 1122304K
  class space    used 10109K, committed 10432K, reserved 1048576K
}
Event: 24.426 GC heap after
{Heap after GC invocations=33 (full 0):
 garbage-first heap   total 65536K, used 36526K [0x0000000703e00000, 0x0000000800000000)
  region size 2048K, 2 young (4096K), 2 survivors (4096K)
 Metaspace       used 75512K, committed 76160K, reserved 1122304K
  class space    used 10109K, committed 10432K, reserved 1048576K
}
Event: 24.810 GC heap before
{Heap before GC invocations=34 (full 0):
 garbage-first heap   total 71680K, used 48814K [0x0000000703e00000, 0x0000000800000000)
  region size 2048K, 9 young (18432K), 2 survivors (4096K)
 Metaspace       used 76731K, committed 77376K, reserved 1122304K
  class space    used 10262K, committed 10560K, reserved 1048576K
}
Event: 24.816 GC heap after
{Heap after GC invocations=35 (full 0):
 garbage-first heap   total 71680K, used 36977K [0x0000000703e00000, 0x0000000800000000)
  region size 2048K, 1 young (2048K), 1 survivors (2048K)
 Metaspace       used 76731K, committed 77376K, reserved 1122304K
  class space    used 10262K, committed 10560K, reserved 1048576K
}
Event: 25.365 GC heap before
{Heap before GC invocations=35 (full 0):
 garbage-first heap   total 71680K, used 57457K [0x0000000703e00000, 0x0000000800000000)
  region size 2048K, 11 young (22528K), 1 survivors (2048K)
 Metaspace       used 77051K, committed 77696K, reserved 1122304K
  class space    used 10291K, committed 10624K, reserved 1048576K
}
Event: 25.369 GC heap after
{Heap after GC invocations=36 (full 0):
 garbage-first heap   total 71680K, used 37649K [0x0000000703e00000, 0x0000000800000000)
  region size 2048K, 2 young (4096K), 2 survivors (4096K)
 Metaspace       used 77051K, committed 77696K, reserved 1122304K
  class space    used 10291K, committed 10624K, reserved 1048576K
}
Event: 25.720 GC heap before
{Heap before GC invocations=37 (full 0):
 garbage-first heap   total 79872K, used 56081K [0x0000000703e00000, 0x0000000800000000)
  region size 2048K, 11 young (22528K), 2 survivors (4096K)
 Metaspace       used 77208K, committed 77824K, reserved 1122304K
  class space    used 10308K, committed 10624K, reserved 1048576K
}
Event: 25.723 GC heap after
{Heap after GC invocations=38 (full 0):
 garbage-first heap   total 79872K, used 38102K [0x0000000703e00000, 0x0000000800000000)
  region size 2048K, 2 young (4096K), 2 survivors (4096K)
 Metaspace       used 77208K, committed 77824K, reserved 1122304K
  class space    used 10308K, committed 10624K, reserved 1048576K
}
Event: 26.255 GC heap before
{Heap before GC invocations=38 (full 0):
 garbage-first heap   total 79872K, used 64726K [0x0000000703e00000, 0x0000000800000000)
  region size 2048K, 15 young (30720K), 2 survivors (4096K)
 Metaspace       used 77837K, committed 78464K, reserved 1122304K
  class space    used 10358K, committed 10688K, reserved 1048576K
}
Event: 26.259 GC heap after
{Heap after GC invocations=39 (full 0):
 garbage-first heap   total 96256K, used 39206K [0x0000000703e00000, 0x0000000800000000)
  region size 2048K, 2 young (4096K), 2 survivors (4096K)
 Metaspace       used 77837K, committed 78464K, reserved 1122304K
  class space    used 10358K, committed 10688K, reserved 1048576K
}
Event: 26.712 GC heap before
{Heap before GC invocations=40 (full 0):
 garbage-first heap   total 96256K, used 78118K [0x0000000703e00000, 0x0000000800000000)
  region size 2048K, 21 young (43008K), 2 survivors (4096K)
 Metaspace       used 78266K, committed 78848K, reserved 1122304K
  class space    used 10382K, committed 10688K, reserved 1048576K
}
Event: 26.717 GC heap after
{Heap after GC invocations=41 (full 0):
 garbage-first heap   total 96256K, used 40045K [0x0000000703e00000, 0x0000000800000000)
  region size 2048K, 2 young (4096K), 2 survivors (4096K)
 Metaspace       used 78266K, committed 78848K, reserved 1122304K
  class space    used 10382K, committed 10688K, reserved 1048576K
}
Event: 26.977 GC heap before
{Heap before GC invocations=41 (full 0):
 garbage-first heap   total 96256K, used 78957K [0x0000000703e00000, 0x0000000800000000)
  region size 2048K, 21 young (43008K), 2 survivors (4096K)
 Metaspace       used 78411K, committed 79104K, reserved 1122304K
  class space    used 10415K, committed 10752K, reserved 1048576K
}
Event: 26.983 GC heap after
{Heap after GC invocations=42 (full 0):
 garbage-first heap   total 96256K, used 42052K [0x0000000703e00000, 0x0000000800000000)
  region size 2048K, 3 young (6144K), 3 survivors (6144K)
 Metaspace       used 78411K, committed 79104K, reserved 1122304K
  class space    used 10415K, committed 10752K, reserved 1048576K
}
Event: 28.325 GC heap before
{Heap before GC invocations=42 (full 0):
 garbage-first heap   total 96256K, used 76868K [0x0000000703e00000, 0x0000000800000000)
  region size 2048K, 20 young (40960K), 3 survivors (6144K)
 Metaspace       used 81345K, committed 81984K, reserved 1122304K
  class space    used 10794K, committed 11136K, reserved 1048576K
}
Event: 28.333 GC heap after
{Heap after GC invocations=43 (full 0):
 garbage-first heap   total 96256K, used 43468K [0x0000000703e00000, 0x0000000800000000)
  region size 2048K, 3 young (6144K), 3 survivors (6144K)
 Metaspace       used 81345K, committed 81984K, reserved 1122304K
  class space    used 10794K, committed 11136K, reserved 1048576K
}
Event: 29.956 GC heap before
{Heap before GC invocations=43 (full 0):
 garbage-first heap   total 96256K, used 76236K [0x0000000703e00000, 0x0000000800000000)
  region size 2048K, 19 young (38912K), 3 survivors (6144K)
 Metaspace       used 83261K, committed 83904K, reserved 1122304K
  class space    used 11064K, committed 11392K, reserved 1048576K
}
Event: 29.965 GC heap after
{Heap after GC invocations=44 (full 0):
 garbage-first heap   total 96256K, used 45224K [0x0000000703e00000, 0x0000000800000000)
  region size 2048K, 3 young (6144K), 3 survivors (6144K)
 Metaspace       used 83261K, committed 83904K, reserved 1122304K
  class space    used 11064K, committed 11392K, reserved 1048576K
}
Event: 31.225 GC heap before
{Heap before GC invocations=44 (full 0):
 garbage-first heap   total 96256K, used 77992K [0x0000000703e00000, 0x0000000800000000)
  region size 2048K, 19 young (38912K), 3 survivors (6144K)
 Metaspace       used 84722K, committed 85376K, reserved 1130496K
  class space    used 11225K, committed 11520K, reserved 1048576K
}
Event: 31.234 GC heap after
{Heap after GC invocations=45 (full 0):
 garbage-first heap   total 96256K, used 47863K [0x0000000703e00000, 0x0000000800000000)
  region size 2048K, 3 young (6144K), 3 survivors (6144K)
 Metaspace       used 84722K, committed 85376K, reserved 1130496K
  class space    used 11225K, committed 11520K, reserved 1048576K
}

Dll operation events (9 events):
Event: 0.020 Loaded shared library C:\Users\Cray.Hung\.vscode\extensions\redhat.java-1.15.0-win32-x64\jre\17.0.6-win32-x86_64\bin\java.dll
Event: 0.727 Loaded shared library C:\Users\Cray.Hung\.vscode\extensions\redhat.java-1.15.0-win32-x64\jre\17.0.6-win32-x86_64\bin\net.dll
Event: 0.730 Loaded shared library C:\Users\Cray.Hung\.vscode\extensions\redhat.java-1.15.0-win32-x64\jre\17.0.6-win32-x86_64\bin\nio.dll
Event: 0.747 Loaded shared library C:\Users\Cray.Hung\.vscode\extensions\redhat.java-1.15.0-win32-x64\jre\17.0.6-win32-x86_64\bin\zip.dll
Event: 1.192 Loaded shared library C:\Users\Cray.Hung\.vscode\extensions\redhat.java-1.15.0-win32-x64\jre\17.0.6-win32-x86_64\bin\jimage.dll
Event: 2.330 Loaded shared library C:\Users\Cray.Hung\.vscode\extensions\redhat.java-1.15.0-win32-x64\jre\17.0.6-win32-x86_64\bin\management.dll
Event: 2.336 Loaded shared library C:\Users\Cray.Hung\.vscode\extensions\redhat.java-1.15.0-win32-x64\jre\17.0.6-win32-x86_64\bin\management_ext.dll
Event: 13.466 Loaded shared library C:\Users\Cray.Hung\.vscode\extensions\redhat.java-1.15.0-win32-x64\jre\17.0.6-win32-x86_64\bin\sunmscapi.dll
Event: 16.283 Loaded shared library C:\Users\Cray.Hung\.vscode\extensions\redhat.java-1.15.0-win32-x64\jre\17.0.6-win32-x86_64\bin\verify.dll

Deoptimization events (20 events):
Event: 31.005 Thread 0x0000026837a45380 Uncommon trap: trap_request=0xffffff45 fr.pc=0x0000026822d757f8 relative=0x0000000000005298
Event: 31.005 Thread 0x0000026837a45380 Uncommon trap: reason=unstable_if action=reinterpret pc=0x0000026822d757f8 method=org.springframework.core.annotation.AnnotationsScanner.processClassInheritedAnnotations(Ljava/lang/Object;Ljava/lang/Class;Lorg/springframework/core/annotation/MergedAnnotat
Event: 31.005 Thread 0x0000026837a45380 DEOPT PACKING pc=0x0000026822d757f8 sp=0x00000084acffe500
Event: 31.005 Thread 0x0000026837a45380 DEOPT UNPACKING pc=0x00000268222969a3 sp=0x00000084acffe378 mode 2
Event: 31.032 Thread 0x0000026837a45380 Uncommon trap: trap_request=0xffffffc6 fr.pc=0x0000026822c53250 relative=0x0000000000003530
Event: 31.032 Thread 0x0000026837a45380 Uncommon trap: reason=bimorphic_or_optimized_type_check action=maybe_recompile pc=0x0000026822c53250 method=org.springframework.beans.factory.support.AbstractBeanFactory.isSingleton(Ljava/lang/String;)Z @ 39 c2
Event: 31.032 Thread 0x0000026837a45380 DEOPT PACKING pc=0x0000026822c53250 sp=0x00000084acffe690
Event: 31.032 Thread 0x0000026837a45380 DEOPT UNPACKING pc=0x00000268222969a3 sp=0x00000084acffe550 mode 2
Event: 31.094 Thread 0x0000026837a45380 DEOPT PACKING pc=0x000002681b638b16 sp=0x00000084acffd6e0
Event: 31.094 Thread 0x0000026837a45380 DEOPT UNPACKING pc=0x0000026822297143 sp=0x00000084acffcb38 mode 0
Event: 31.144 Thread 0x0000026837a45380 Uncommon trap: trap_request=0xffffff54 fr.pc=0x0000026822888044 relative=0x0000000000000384
Event: 31.144 Thread 0x0000026837a45380 Uncommon trap: reason=speculate_null_assert action=make_not_entrant pc=0x0000026822888044 method=org.springframework.util.ConcurrentReferenceHashMap$Segment.restructureIfNecessary(Z)V @ 41 c2
Event: 31.144 Thread 0x0000026837a45380 DEOPT PACKING pc=0x0000026822888044 sp=0x00000084acffe5e0
Event: 31.144 Thread 0x0000026837a45380 DEOPT UNPACKING pc=0x00000268222969a3 sp=0x00000084acffe5a8 mode 2
Event: 31.145 Thread 0x0000026837a45380 Uncommon trap: trap_request=0xffffffde fr.pc=0x0000026822c7c33c relative=0x000000000000009c
Event: 31.145 Thread 0x0000026837a45380 Uncommon trap: reason=class_check action=maybe_recompile pc=0x0000026822c7c33c method=java.util.Collections$2.tryAdvance(Ljava/util/function/Consumer;)Z @ 29 c2
Event: 31.145 Thread 0x0000026837a45380 DEOPT PACKING pc=0x0000026822c7c33c sp=0x00000084acffe8a0
Event: 31.145 Thread 0x0000026837a45380 DEOPT UNPACKING pc=0x00000268222969a3 sp=0x00000084acffe7d0 mode 2
Event: 1782.938 Thread 0x0000026839d41a10 DEOPT PACKING pc=0x000002681b638b16 sp=0x00000084ab4fd8c0
Event: 1782.938 Thread 0x0000026839d41a10 DEOPT UNPACKING pc=0x0000026822297143 sp=0x00000084ab4fcd18 mode 0

Classes unloaded (2 events):
Event: 25.445 Thread 0x00000268360d8d00 Unloading class 0x0000000800974400 'jdk/internal/reflect/GeneratedSerializationConstructorAccessor2'
Event: 25.445 Thread 0x00000268360d8d00 Unloading class 0x0000000800974000 'jdk/internal/reflect/GeneratedSerializationConstructorAccessor1'

Classes redefined (0 events):
No events

Internal exceptions (20 events):
Event: 25.019 Thread 0x0000026837a45380 Exception <a 'java/lang/reflect/InvocationTargetException'{0x00000007078118d0}> (0x00000007078118d0) 
thrown [s\src\hotspot\share\runtime\reflection.cpp, line 1121]
Event: 25.030 Thread 0x0000026837a45380 Exception <a 'java/lang/reflect/InvocationTargetException'{0x000000070781a9a8}> (0x000000070781a9a8) 
thrown [s\src\hotspot\share\runtime\reflection.cpp, line 1121]
Event: 25.035 Thread 0x0000026837a45380 Exception <a 'java/lang/reflect/InvocationTargetException'{0x0000000707822c50}> (0x0000000707822c50) 
thrown [s\src\hotspot\share\runtime\reflection.cpp, line 1121]
Event: 25.038 Thread 0x0000026837a45380 Exception <a 'java/lang/reflect/InvocationTargetException'{0x000000070782a3f8}> (0x000000070782a3f8) 
thrown [s\src\hotspot\share\runtime\reflection.cpp, line 1121]
Event: 25.041 Thread 0x0000026837a45380 Exception <a 'java/lang/reflect/InvocationTargetException'{0x0000000707830eb0}> (0x0000000707830eb0) 
thrown [s\src\hotspot\share\runtime\reflection.cpp, line 1121]
Event: 25.090 Thread 0x0000026837a45380 Exception <a 'java/lang/reflect/InvocationTargetException'{0x0000000707868b98}> (0x0000000707868b98) 
thrown [s\src\hotspot\share\runtime\reflection.cpp, line 1121]
Event: 25.152 Thread 0x0000026837a45380 Exception <a 'java/lang/reflect/InvocationTargetException'{0x0000000707897330}> (0x0000000707897330) 
thrown [s\src\hotspot\share\runtime\reflection.cpp, line 1121]
Event: 26.054 Thread 0x0000026837a45380 Exception <a 'java/io/FileNotFoundException'{0x0000000707ff2680}> (0x0000000707ff2680) 
thrown [s\src\hotspot\share\prims\jni.cpp, line 516]
Event: 26.056 Thread 0x0000026837a45380 Exception <a 'java/io/FileNotFoundException'{0x0000000707fff0b0}> (0x0000000707fff0b0) 
thrown [s\src\hotspot\share\prims\jni.cpp, line 516]
Event: 28.532 Thread 0x0000026837a45380 Exception <a 'sun/nio/fs/WindowsException'{0x0000000711c9d488}> (0x0000000711c9d488) 
thrown [s\src\hotspot\share\prims\jni.cpp, line 516]
Event: 28.549 Thread 0x0000026837a45380 Exception <a 'sun/nio/fs/WindowsException'{0x0000000711d364d8}> (0x0000000711d364d8) 
thrown [s\src\hotspot\share\prims\jni.cpp, line 516]
Event: 28.807 Thread 0x0000026837a45380 Exception <a 'java/lang/IncompatibleClassChangeError'{0x00000007091bcba8}: Found class java.lang.Object, but interface was expected> (0x00000007091bcba8) 
thrown [s\src\hotspot\share\interpreter\linkResolver.cpp, line 826]
Event: 29.355 Thread 0x0000026837a45380 Exception <a 'java/lang/NoSuchMethodError'{0x0000000708470118}: 'void java.lang.invoke.DirectMethodHandle$Holder.invokeVirtual(java.lang.Object, java.lang.Object, long)'> (0x0000000708470118) 
thrown [s\src\hotspot\share\interpreter\linkResolver.cpp, line 759]
Event: 29.795 Thread 0x0000026837a45380 Implicit null exception at 0x0000026822a1e733 to 0x0000026822a1ebd2
Event: 29.947 Thread 0x0000026837a45380 Exception <a 'java/lang/reflect/InvocationTargetException'{0x0000000707de3258}> (0x0000000707de3258) 
thrown [s\src\hotspot\share\runtime\reflection.cpp, line 1121]
Event: 31.034 Thread 0x0000026837a45380 Exception <a 'java/lang/NoSuchMethodError'{0x00000007082d80b0}: 'java.lang.Object java.lang.invoke.DirectMethodHandle$Holder.newInvokeSpecial(java.lang.Object, java.lang.Object, int, java.lang.Object, java.lang.Object)'> (0x00000007082d80b0) 
thrown [s\src\hotspot\share\interpreter\linkResolver.cpp, line 759]
Event: 31.037 Thread 0x0000026837a45380 Exception <a 'java/lang/NoSuchMethodError'{0x00000007082e32b8}: 'java.lang.Object java.lang.invoke.DirectMethodHandle$Holder.invokeSpecial(java.lang.Object, java.lang.Object, int, java.lang.Object, int, java.lang.Object)'> (0x00000007082e32b8) 
thrown [s\src\hotspot\share\interpreter\linkResolver.cpp, line 759]
Event: 31.038 Thread 0x0000026837a45380 Exception <a 'java/lang/NoSuchMethodError'{0x00000007082eaf68}: 'java.lang.Object java.lang.invoke.DirectMethodHandle$Holder.newInvokeSpecial(java.lang.Object, java.lang.Object, int, java.lang.Object, int)'> (0x00000007082eaf68) 
thrown [s\src\hotspot\share\interpreter\linkResolver.cpp, line 759]
Event: 31.039 Thread 0x0000026837a45380 Exception <a 'java/lang/NoSuchMethodError'{0x00000007082ef020}: 'java.lang.Object java.lang.invoke.DirectMethodHandle$Holder.invokeSpecial(java.lang.Object, java.lang.Object, java.lang.Object, int, java.lang.Object, int)'> (0x00000007082ef020) 
thrown [s\src\hotspot\share\interpreter\linkResolver.cpp, line 759]
Event: 31.393 Thread 0x0000026837a45380 Exception <a 'java/lang/NoSuchMethodError'{0x0000000711f7ced0}: 'void java.lang.invoke.DirectMethodHandle$Holder.invokeSpecialIFC(java.lang.Object, java.lang.Object, int, java.lang.Object, java.lang.Object, java.lang.Object, java.lang.Object)'> (0x0000000711f7ced0) 
thrown [s\src\hotspot\share\interpreter\linkResolver.cpp, line 759]

VM Operations (20 events):
Event: 994.204 Executing VM operation: Cleanup
Event: 994.205 Executing VM operation: Cleanup done
Event: 1050.722 Executing VM operation: Cleanup
Event: 1050.722 Executing VM operation: Cleanup done
Event: 1408.186 Executing VM operation: Cleanup
Event: 1408.186 Executing VM operation: Cleanup done
Event: 1614.204 Executing VM operation: Cleanup
Event: 1614.204 Executing VM operation: Cleanup done
Event: 1759.614 Executing VM operation: Cleanup
Event: 1759.614 Executing VM operation: Cleanup done
Event: 1776.718 Executing VM operation: Cleanup
Event: 1776.718 Executing VM operation: Cleanup done
Event: 1780.756 Executing VM operation: Cleanup
Event: 1780.756 Executing VM operation: Cleanup done
Event: 1783.779 Executing VM operation: Cleanup
Event: 1783.779 Executing VM operation: Cleanup done
Event: 1784.786 Executing VM operation: Cleanup
Event: 1784.786 Executing VM operation: Cleanup done
Event: 1787.803 Executing VM operation: Cleanup
Event: 1787.803 Executing VM operation: Cleanup done

Events (20 events):
Event: 31.569 loading class com/sun/beans/util/Cache$Kind$1 done
Event: 31.569 loading class com/sun/beans/util/Cache$Kind$2
Event: 31.569 loading class com/sun/beans/util/Cache$Kind$2 done
Event: 31.569 loading class com/sun/beans/util/Cache$Kind$3
Event: 31.570 loading class com/sun/beans/util/Cache$Kind$3 done
Event: 31.570 loading class com/sun/beans/util/Cache$CacheEntry
Event: 31.571 loading class com/sun/beans/util/Cache$CacheEntry done
Event: 31.572 Thread 0x0000026837a2f540 Thread exited: 0x0000026837a2f540
Event: 31.573 Thread 0x000002681809e980 Thread exited: 0x000002681809e980
Event: 31.573 Thread 0x000002684218a7f0 Thread added: 0x000002684218a7f0
Event: 33.243 Thread 0x000002683e5c08b0 Thread exited: 0x000002683e5c08b0
Event: 38.257 Thread 0x00000268372a19f0 Thread exited: 0x00000268372a19f0
Event: 1775.735 Thread 0x000002684218acc0 Thread added: 0x000002684218acc0
Event: 1775.735 Thread 0x0000026839d41a10 Thread added: 0x0000026839d41a10
Event: 1775.741 loading class sun/security/ssl/Alert
Event: 1775.743 loading class sun/security/ssl/Alert done
Event: 1775.744 loading class sun/security/ssl/Alert$AlertConsumer
Event: 1775.745 loading class sun/security/ssl/Alert$AlertConsumer done
Event: 1775.745 loading class sun/security/ssl/Alert$Level
Event: 1775.746 loading class sun/security/ssl/Alert$Level done


Dynamic libraries:
0x00007ff63f8b0000 - 0x00007ff63f8be000 	C:\Users\Cray.Hung\.vscode\extensions\redhat.java-1.15.0-win32-x64\jre\17.0.6-win32-x86_64\bin\java.exe
0x00007ffd0b2d0000 - 0x00007ffd0b4c8000 	C:\Windows\SYSTEM32\ntdll.dll
0x00007ffd09a60000 - 0x00007ffd09b22000 	C:\Windows\System32\KERNEL32.DLL
0x00007ffd08bb0000 - 0x00007ffd08ea6000 	C:\Windows\System32\KERNELBASE.dll
0x00007ffd08ab0000 - 0x00007ffd08bb0000 	C:\Windows\System32\ucrtbase.dll
0x00007ffcfde00000 - 0x00007ffcfde17000 	C:\Users\Cray.Hung\.vscode\extensions\redhat.java-1.15.0-win32-x64\jre\17.0.6-win32-x86_64\bin\jli.dll
0x00007ffcfc6a0000 - 0x00007ffcfc6b9000 	C:\Users\Cray.Hung\.vscode\extensions\redhat.java-1.15.0-win32-x64\jre\17.0.6-win32-x86_64\bin\VCRUNTIME140.dll
0x00007ffd0a050000 - 0x00007ffd0a1ed000 	C:\Windows\System32\USER32.dll
0x00007ffd092d0000 - 0x00007ffd092f2000 	C:\Windows\System32\win32u.dll
0x00007ffce45f0000 - 0x00007ffce488a000 	C:\Windows\WinSxS\amd64_microsoft.windows.common-controls_6595b64144ccf1df_6.0.19041.5794_none_60bcd33171f2783c\COMCTL32.dll
0x00007ffd0a020000 - 0x00007ffd0a04b000 	C:\Windows\System32\GDI32.dll
0x00007ffd094b0000 - 0x00007ffd0954e000 	C:\Windows\System32\msvcrt.dll
0x00007ffd08f00000 - 0x00007ffd0901a000 	C:\Windows\System32\gdi32full.dll
0x00007ffd090a0000 - 0x00007ffd0913d000 	C:\Windows\System32\msvcp_win.dll
0x00007ffd09550000 - 0x00007ffd0957f000 	C:\Windows\System32\IMM32.DLL
0x00007ffcfed50000 - 0x00007ffcfed5c000 	C:\Users\Cray.Hung\.vscode\extensions\redhat.java-1.15.0-win32-x64\jre\17.0.6-win32-x86_64\bin\vcruntime140_1.dll
0x00007ffccf2c0000 - 0x00007ffccf351000 	C:\Users\Cray.Hung\.vscode\extensions\redhat.java-1.15.0-win32-x64\jre\17.0.6-win32-x86_64\bin\msvcp140.dll
0x00007ffcb5850000 - 0x00007ffcb6497000 	C:\Users\Cray.Hung\.vscode\extensions\redhat.java-1.15.0-win32-x64\jre\17.0.6-win32-x86_64\bin\server\jvm.dll
0x00007ffd0b010000 - 0x00007ffd0b0bf000 	C:\Windows\System32\ADVAPI32.dll
0x00007ffd0b190000 - 0x00007ffd0b22f000 	C:\Windows\System32\sechost.dll
0x00007ffd0aee0000 - 0x00007ffd0b003000 	C:\Windows\System32\RPCRT4.dll
0x00007ffd09140000 - 0x00007ffd09167000 	C:\Windows\System32\bcrypt.dll
0x00007ffcdbac0000 - 0x00007ffcdbac9000 	C:\Windows\SYSTEM32\WSOCK32.dll
0x00007ffd0b120000 - 0x00007ffd0b18b000 	C:\Windows\System32\WS2_32.dll
0x00007ffcf26a0000 - 0x00007ffcf26c7000 	C:\Windows\SYSTEM32\WINMM.dll
0x00007ffd014d0000 - 0x00007ffd014da000 	C:\Windows\SYSTEM32\VERSION.dll
0x00007ffd07150000 - 0x00007ffd07162000 	C:\Windows\SYSTEM32\kernel.appcore.dll
0x00007ffcfeab0000 - 0x00007ffcfeaba000 	C:\Users\Cray.Hung\.vscode\extensions\redhat.java-1.15.0-win32-x64\jre\17.0.6-win32-x86_64\bin\jimage.dll
0x00007ffd06770000 - 0x00007ffd06971000 	C:\Windows\SYSTEM32\DBGHELP.DLL
0x00007ffcfb4c0000 - 0x00007ffcfb4f4000 	C:\Windows\SYSTEM32\dbgcore.DLL
0x00007ffd08a20000 - 0x00007ffd08aa2000 	C:\Windows\System32\bcryptPrimitives.dll
0x00007ffcfc3a0000 - 0x00007ffcfc3c5000 	C:\Users\Cray.Hung\.vscode\extensions\redhat.java-1.15.0-win32-x64\jre\17.0.6-win32-x86_64\bin\java.dll
0x00007ffcfc380000 - 0x00007ffcfc398000 	C:\Users\Cray.Hung\.vscode\extensions\redhat.java-1.15.0-win32-x64\jre\17.0.6-win32-x86_64\bin\zip.dll
0x00007ffd0a550000 - 0x00007ffd0acbe000 	C:\Windows\System32\SHELL32.dll
0x00007ffd06990000 - 0x00007ffd07133000 	C:\Windows\SYSTEM32\windows.storage.dll
0x00007ffd0a1f0000 - 0x00007ffd0a543000 	C:\Windows\System32\combase.dll
0x00007ffd082c0000 - 0x00007ffd082eb000 	C:\Windows\SYSTEM32\Wldp.dll
0x00007ffd0adf0000 - 0x00007ffd0aebd000 	C:\Windows\System32\OLEAUT32.dll
0x00007ffd09f70000 - 0x00007ffd0a01d000 	C:\Windows\System32\SHCORE.dll
0x00007ffd0b230000 - 0x00007ffd0b285000 	C:\Windows\System32\shlwapi.dll
0x00007ffd088a0000 - 0x00007ffd088c5000 	C:\Windows\SYSTEM32\profapi.dll
0x00007ffcfc1f0000 - 0x00007ffcfc209000 	C:\Users\Cray.Hung\.vscode\extensions\redhat.java-1.15.0-win32-x64\jre\17.0.6-win32-x86_64\bin\net.dll
0x00007ffd01a60000 - 0x00007ffd01b6a000 	C:\Windows\SYSTEM32\WINHTTP.dll
0x00007ffd080a0000 - 0x00007ffd0810c000 	C:\Windows\system32\mswsock.dll
0x00007ffcfa910000 - 0x00007ffcfa925000 	C:\Users\Cray.Hung\.vscode\extensions\redhat.java-1.15.0-win32-x64\jre\17.0.6-win32-x86_64\bin\nio.dll
0x00007ffcff210000 - 0x00007ffcff219000 	C:\Users\Cray.Hung\.vscode\extensions\redhat.java-1.15.0-win32-x64\jre\17.0.6-win32-x86_64\bin\management.dll
0x00007ffcff200000 - 0x00007ffcff20b000 	C:\Users\Cray.Hung\.vscode\extensions\redhat.java-1.15.0-win32-x64\jre\17.0.6-win32-x86_64\bin\management_ext.dll
0x00007ffd09b30000 - 0x00007ffd09b38000 	C:\Windows\System32\PSAPI.DLL
0x00007ffd08300000 - 0x00007ffd08318000 	C:\Windows\SYSTEM32\CRYPTSP.dll
0x00007ffd07970000 - 0x00007ffd079a8000 	C:\Windows\system32\rsaenh.dll
0x00007ffd08860000 - 0x00007ffd0888e000 	C:\Windows\SYSTEM32\USERENV.dll
0x00007ffd08230000 - 0x00007ffd0823c000 	C:\Windows\SYSTEM32\CRYPTBASE.dll
0x00007ffd07d50000 - 0x00007ffd07d8b000 	C:\Windows\SYSTEM32\IPHLPAPI.DLL
0x00007ffd09580000 - 0x00007ffd09588000 	C:\Windows\System32\NSI.dll
0x00007ffcffe20000 - 0x00007ffcffe37000 	C:\Windows\SYSTEM32\dhcpcsvc6.DLL
0x00007ffcfe5d0000 - 0x00007ffcfe5ed000 	C:\Windows\SYSTEM32\dhcpcsvc.DLL
0x00007ffd07d90000 - 0x00007ffd07e5a000 	C:\Windows\SYSTEM32\DNSAPI.dll
0x00007ffcfc690000 - 0x00007ffcfc69e000 	C:\Users\Cray.Hung\.vscode\extensions\redhat.java-1.15.0-win32-x64\jre\17.0.6-win32-x86_64\bin\sunmscapi.dll
0x00007ffd09170000 - 0x00007ffd092cd000 	C:\Windows\System32\CRYPT32.dll
0x00007ffd08410000 - 0x00007ffd08437000 	C:\Windows\SYSTEM32\ncrypt.dll
0x00007ffd083d0000 - 0x00007ffd0840b000 	C:\Windows\SYSTEM32\NTASN1.dll
0x00007ffcfe1d0000 - 0x00007ffcfe1e0000 	C:\Users\Cray.Hung\.vscode\extensions\redhat.java-1.15.0-win32-x64\jre\17.0.6-win32-x86_64\bin\verify.dll
0x00007ffcfe1b0000 - 0x00007ffcfe1ba000 	C:\Windows\System32\rasadhlp.dll
0x00007ffcfc250000 - 0x00007ffcfc2d0000 	C:\Windows\System32\fwpuclnt.dll
0x00007ffcff800000 - 0x00007ffcff807000 	C:\Windows\system32\wshunix.dll

dbghelp: loaded successfully - version: 4.0.5 - missing functions: none
symbol engine: initialized successfully - sym options: 0x614 - pdb path: .;C:\Users\Cray.Hung\.vscode\extensions\redhat.java-1.15.0-win32-x64\jre\17.0.6-win32-x86_64\bin;C:\Windows\SYSTEM32;C:\Windows\WinSxS\amd64_microsoft.windows.common-controls_6595b64144ccf1df_6.0.19041.5794_none_60bcd33171f2783c;C:\Users\Cray.Hung\.vscode\extensions\redhat.java-1.15.0-win32-x64\jre\17.0.6-win32-x86_64\bin\server

VM Arguments:
jvm_args: -XX:+ShowCodeDetailsInExceptionMessages 
java_command: com.twoway.Xinwu.XinwuApplication
java_class_path (initial): C:\Users\Cray.Hung\Desktop\Twoway-scanner\spring\Xinwu\bin\main;C:\Users\Cray.Hung\Desktop\Twoway-scanner\spring\Xinwu\bin\test;C:\Users\Cray.Hung\Desktop\Twoway-scanner\spring\Xinwu\bin\default;C:\Users\Cray.Hung\scoop\apps\gradle\current\.gradle\caches\modules-2\files-2.1\org.projectlombok\lombok\1.18.30\f195ee86e6c896ea47a1d39defbe20eb59cd149d\lombok-1.18.30.jar;C:\Users\Cray.Hung\scoop\apps\gradle\current\.gradle\caches\modules-2\files-2.1\mysql\mysql-connector-java\8.0.23\14d64ac509adccaff444513c12646d93e4ed8be8\mysql-connector-java-8.0.23.jar;C:\Users\Cray.Hung\scoop\apps\gradle\current\.gradle\caches\modules-2\files-2.1\org.springframework.boot\spring-boot-starter-data-jpa\3.1.4\f01d5f2ecbfef3159879c4a8450b49620ffb96c\spring-boot-starter-data-jpa-3.1.4.jar;C:\Users\Cray.Hung\scoop\apps\gradle\current\.gradle\caches\modules-2\files-2.1\org.springframework.data\spring-data-jpa\3.1.4\c51bbed97c35a0c6abced4854db85a5a5b216540\spring-data-jpa-3.1.4.jar;C:\Users\Cray.Hung\scoop\apps\gradle\current\.gradle\caches\modules-2\files-2.1\org.springframework.boot\spring-boot-starter-websocket\3.1.4\41280104d0c8146303797a8d06835b63b3eaf29e\spring-boot-starter-websocket-3.1.4.jar;C:\Users\Cray.Hung\scoop\apps\gradle\current\.gradle\caches\modules-2\files-2.1\org.springframework.boot\spring-boot-starter-web\3.1.4\a0da0751207173c93f9e92e74cae430b53544576\spring-boot-starter-web-3.1.4.jar;C:\Users\Cray.Hung\scoop\apps\gradle\current\.gradle\caches\modules-2\files-2.1\org.springframework\spring-messaging\6.0.11\18cb0c2e15e49212119bd48b2303e2c0c081c58d\spring-messaging-6.0.11.jar;C:\Users\Cray.Hung\scoop\apps\gradle\current\.gradle\caches\modules-2\files-2.1\org.webjars\sockjs-client\1.0.2\38abdad784d10a7fd9e25af81bdf47016e8ee50d\sockjs-client-1.0.2.jar;C:\Users\Cray.Hung\scoop\apps\gradle\current\.gradle\caches\modules-2\files-2.1\org.webjars\stomp-websocket\2.3.3\3ac153b386f7945bc756709df3d171105e8fd2d5\stomp-websocket-2.3.3.jar;C:\Users\Cray.Hung\s
Launcher Type: SUN_STANDARD

[Global flags]
     intx CICompilerCount                          = 4                                         {product} {ergonomic}
     uint ConcGCThreads                            = 2                                         {product} {ergonomic}
     uint G1ConcRefinementThreads                  = 8                                         {product} {ergonomic}
   size_t G1HeapRegionSize                         = 2097152                                   {product} {ergonomic}
    uintx GCDrainStackTargetSize                   = 64                                        {product} {ergonomic}
   size_t InitialHeapSize                          = 266338304                                 {product} {ergonomic}
   size_t MarkStackSize                            = 4194304                                   {product} {ergonomic}
   size_t MaxHeapSize                              = 4229955584                                {product} {ergonomic}
   size_t MaxNewSize                               = 2537553920                                {product} {ergonomic}
   size_t MinHeapDeltaBytes                        = 2097152                                   {product} {ergonomic}
   size_t MinHeapSize                              = 8388608                                   {product} {ergonomic}
    uintx NonNMethodCodeHeapSize                   = 5839372                                {pd product} {ergonomic}
    uintx NonProfiledCodeHeapSize                  = 122909434                              {pd product} {ergonomic}
    uintx ProfiledCodeHeapSize                     = 122909434                              {pd product} {ergonomic}
    uintx ReservedCodeCacheSize                    = 251658240                              {pd product} {ergonomic}
     bool SegmentedCodeCache                       = true                                      {product} {ergonomic}
     bool ShowCodeDetailsInExceptionMessages       = true                                   {manageable} {command line}
   size_t SoftMaxHeapSize                          = 4229955584                             {manageable} {ergonomic}
     bool UseCompressedClassPointers               = true                           {product lp64_product} {ergonomic}
     bool UseCompressedOops                        = true                           {product lp64_product} {ergonomic}
     bool UseG1GC                                  = true                                      {product} {ergonomic}
     bool UseLargePagesIndividualAllocation        = false                                  {pd product} {ergonomic}

Logging:
Log output configuration:
 #0: stdout all=warning uptime,level,tags
 #1: stderr all=off uptime,level,tags

Environment Variables:
JAVA_HOME=C:\Program Files\Java\jdk-19
PATH=D:\python3.6\Scripts\;D:\python3.6\;C:\Users\Cray.Hung\AppData\Roaming\npm;C:\Windows\system32;C:\Windows;C:\Windows\System32\Wbem;C:\Windows\System32\WindowsPowerShell\v1.0\;C:\Windows\System32\OpenSSH\;C:\Program Files\Git\cmd;C:\Program Files (x86)\ZeroTier\One\;C:\Users\Cray.Hung\AppData\Roaming\nvm;C:\Program Files\nodejs;C:\Program Files\PuTTY\;C:\Program Files\Java\jdk-19\bin;C:\Program Files\Docker\Docker\resources\bin;C:\Program Files\TortoiseGit\bin;C:\Users\Cray.Hung\ffmpeg-build\ffmpeg-master-latest-win64-gpl-shared\bin;C:\Users\Cray.Hung\Desktop\south-east-test\southeast-asia-frontend\ffmpeg-6.0-essentials_build;C:\Program Files\Java\jdk-19\bin;C:\Program Files\Cloudflare\Cloudflare WARP\;C:\Program Files (x86)\cloudflared\;C:\Users\Cray.Hung\scoop\shims;C:\Program Files\MySQL\MySQL Shell 8.0\bin\;C:\Users\Cray.Hung\AppData\Local\Microsoft\WindowsApps;D:\cray.hung\Microsoft VS Code\bin;D:\flutter\bin
USERNAME=Cray.Hung
LANG=zh_TW.UTF-8
OS=Windows_NT
PROCESSOR_IDENTIFIER=Intel64 Family 6 Model 142 Stepping 12, GenuineIntel
TMP=C:\Users\CRAY~1.HUN\AppData\Local\Temp
TEMP=C:\Users\CRAY~1.HUN\AppData\Local\Temp



---------------  S Y S T E M  ---------------

OS:
 Windows 10 , 64 bit Build 19041 (10.0.19041.5794)
OS uptime: 21 days 16:08 hours
Hyper-V role detected

CPU: total 8 (initial active 8) (4 cores per cpu, 2 threads per core) family 6 model 142 stepping 12 microcode 0xfa, cx8, cmov, fxsr, ht, mmx, 3dnowpref, sse, sse2, sse3, ssse3, sse4.1, sse4.2, popcnt, lzcnt, tsc, tscinvbit, avx, avx2, aes, erms, clmul, bmi1, bmi2, adx, fma, vzeroupper, clflush, clflushopt, hv

Memory: 4k page, system-wide physical 16134M (1379M free)
TotalPageFile size 46097M (AvailPageFile size 0M)
current process WorkingSet (physical memory assigned to process): 292M, peak: 389M
current process commit charge ("private bytes"): 326M, peak: 427M

vm_info: OpenJDK 64-Bit Server VM (17.0.6+10) for windows-amd64 JRE (17.0.6+10), built on Jan 18 2023 10:08:59 by "temurin" with MS VC++ 16.7 (VS2019)

END.
